[2026-03-16T19:45:36-0300] [PACMAN] Running 'pacman -b arch-base//var/lib/pacman/ -r arch-base -Sy --config=/tmp/pacman.conf.rkfJ --disable-sandbox --cachedir=arch-base//var/cache/pacman/pkg/ base base-devel'
[2026-03-16T19:45:36-0300] [PACMAN] synchronizing package lists
[2026-03-16T19:46:23-0300] [ALPM] transaction started
[2026-03-16T19:46:24-0300] [ALPM] installed iana-etc (20260306-1)
[2026-03-16T19:46:24-0300] [ALPM] installed filesystem (2025.10.12-1)
[2026-03-16T19:46:24-0300] [ALPM] installed linux-api-headers (6.19-1)
[2026-03-16T19:46:24-0300] [ALPM] installed tzdata (2026a-1)
[2026-03-16T19:46:24-0300] [ALPM] installed glibc (2.43+r5+g856c426a7534-1)
[2026-03-16T19:46:24-0300] [ALPM] installed libasan (15.2.1+r604+g0b99615a8aef-1)
[2026-03-16T19:46:24-0300] [ALPM] installed libatomic (15.2.1+r604+g0b99615a8aef-1)
[2026-03-16T19:46:24-0300] [ALPM] installed libgfortran (15.2.1+r604+g0b99615a8aef-1)
[2026-03-16T19:46:24-0300] [ALPM] installed libgcc (15.2.1+r604+g0b99615a8aef-1)
[2026-03-16T19:46:24-0300] [ALPM] installed libgomp (15.2.1+r604+g0b99615a8aef-1)
[2026-03-16T19:46:24-0300] [ALPM] installed liblsan (15.2.1+r604+g0b99615a8aef-1)
[2026-03-16T19:46:24-0300] [ALPM] installed libobjc (15.2.1+r604+g0b99615a8aef-1)
[2026-03-16T19:46:24-0300] [ALPM] installed libquadmath (15.2.1+r604+g0b99615a8aef-1)
[2026-03-16T19:46:24-0300] [ALPM] installed libstdc++ (15.2.1+r604+g0b99615a8aef-1)
[2026-03-16T19:46:24-0300] [ALPM] installed libtsan (15.2.1+r604+g0b99615a8aef-1)
[2026-03-16T19:46:24-0300] [ALPM] installed libubsan (15.2.1+r604+g0b99615a8aef-1)
[2026-03-16T19:46:24-0300] [ALPM] installed gcc-libs (15.2.1+r604+g0b99615a8aef-1)
[2026-03-16T19:46:25-0300] [ALPM] installed ncurses (6.6-1)
[2026-03-16T19:46:25-0300] [ALPM] installed readline (8.3.003-1)
[2026-03-16T19:46:25-0300] [ALPM] installed bash (5.3.9-1)
[2026-03-16T19:46:25-0300] [ALPM] installed acl (2.3.2-1)
[2026-03-16T19:46:25-0300] [ALPM] installed attr (2.5.2-1)
[2026-03-16T19:46:25-0300] [ALPM] installed gmp (6.3.0-3)
[2026-03-16T19:46:25-0300] [ALPM] installed zlib (1:1.3.2-3)
[2026-03-16T19:46:25-0300] [ALPM] installed sqlite (3.52.0-1)
[2026-03-16T19:46:25-0300] [ALPM] installed util-linux-libs (2.41.3-2)
[2026-03-16T19:46:25-0300] [ALPM] installed e2fsprogs (1.47.4-1)
[2026-03-16T19:46:25-0300] [ALPM] installed keyutils (1.6.3-3)
[2026-03-16T19:46:25-0300] [ALPM] installed gdbm (1.26-2)
[2026-03-16T19:46:26-0300] [ALPM] installed openssl (3.6.1-1)
[2026-03-16T19:46:26-0300] [ALPM] installed libsasl (2.1.28-5)
[2026-03-16T19:46:26-0300] [ALPM] installed libldap (2.6.13-1)
[2026-03-16T19:46:26-0300] [ALPM] installed libevent (2.1.12-5)
[2026-03-16T19:46:26-0300] [ALPM] installed libverto (0.3.2-5)
[2026-03-16T19:46:26-0300] [ALPM] installed lmdb (0.9.35-1)
[2026-03-16T19:46:26-0300] [ALPM] installed krb5 (1.21.3-2)
[2026-03-16T19:46:26-0300] [ALPM] installed libcap-ng (0.9.1-1)
[2026-03-16T19:46:26-0300] [ALPM] installed audit (4.1.3-1)
[2026-03-16T19:46:26-0300] [ALPM] installed libxcrypt (4.5.2-1)
[2026-03-16T19:46:26-0300] [ALPM] installed libtirpc (1.3.7-1)
[2026-03-16T19:46:26-0300] [ALPM] installed libnsl (2.0.1-1)
[2026-03-16T19:46:26-0300] [ALPM] installed pambase (20250719-1)
[2026-03-16T19:46:26-0300] [ALPM] installed libgpg-error (1.59-1)
[2026-03-16T19:46:26-0300] [ALPM] installed libgcrypt (1.12.1-1)
[2026-03-16T19:46:26-0300] [ALPM] installed lz4 (1:1.10.0-2)
[2026-03-16T19:46:26-0300] [ALPM] installed xz (5.8.2-1)
[2026-03-16T19:46:26-0300] [ALPM] installed zstd (1.5.7-3)
[2026-03-16T19:46:26-0300] [ALPM] installed systemd-libs (259.5-1)
[2026-03-16T19:46:26-0300] [ALPM] installed pam (1.7.2-2)
[2026-03-16T19:46:26-0300] [ALPM] installed libcap (2.77-1)
[2026-03-16T19:46:26-0300] [ALPM] installed coreutils (9.10-1)
[2026-03-16T19:46:26-0300] [ALPM] installed bzip2 (1.0.8-6)
[2026-03-16T19:46:26-0300] [ALPM] installed libseccomp (2.6.0-1)
[2026-03-16T19:46:26-0300] [ALPM] installed file (5.47-1)
[2026-03-16T19:46:26-0300] [ALPM] installed findutils (4.10.0-3)
[2026-03-16T19:46:26-0300] [ALPM] installed mpfr (4.2.2-1)
[2026-03-16T19:46:26-0300] [ALPM] installed gawk (5.4.0-1)
[2026-03-16T19:46:26-0300] [ALPM] installed pcre2 (10.47-1)
[2026-03-16T19:46:26-0300] [ALPM] installed grep (3.12-2)
[2026-03-16T19:46:26-0300] [ALPM] installed procps-ng (4.0.6-1)
[2026-03-16T19:46:26-0300] [ALPM] installed sed (4.9-3)
[2026-03-16T19:46:26-0300] [ALPM] installed tar (1.35-2)
[2026-03-16T19:46:26-0300] [ALPM] installed libtasn1 (4.21.0-1)
[2026-03-16T19:46:26-0300] [ALPM] installed libffi (3.5.2-1)
[2026-03-16T19:46:26-0300] [ALPM] installed libp11-kit (0.26.2-1)
[2026-03-16T19:46:27-0300] [ALPM] installed p11-kit (0.26.2-1)
[2026-03-16T19:46:27-0300] [ALPM] installed ca-certificates-utils (20240618-1)
[2026-03-16T19:46:27-0300] [ALPM] installed ca-certificates-mozilla (3.121-1)
[2026-03-16T19:46:27-0300] [ALPM] installed ca-certificates (20240618-1)
[2026-03-16T19:46:27-0300] [ALPM] installed brotli (1.2.0-1)
[2026-03-16T19:46:27-0300] [ALPM] installed libunistring (1.4.1-1)
[2026-03-16T19:46:27-0300] [ALPM] installed libidn2 (2.3.8-1)
[2026-03-16T19:46:27-0300] [ALPM] installed libnghttp2 (1.68.0-1)
[2026-03-16T19:46:27-0300] [ALPM] installed libnghttp3 (1.15.0-1)
[2026-03-16T19:46:27-0300] [ALPM] installed nettle (3.10.2-1)
[2026-03-16T19:46:27-0300] [ALPM] installed leancrypto (1.6.0-1)
[2026-03-16T19:46:27-0300] [ALPM] installed gnutls (3.8.12-2)
[2026-03-16T19:46:27-0300] [ALPM] installed libngtcp2 (1.21.0-1)
[2026-03-16T19:46:27-0300] [ALPM] installed libpsl (0.21.5-2)
[2026-03-16T19:46:27-0300] [ALPM] installed libssh2 (1.11.1-1)
[2026-03-16T19:46:27-0300] [ALPM] installed curl (8.19.0-1)
[2026-03-16T19:46:27-0300] [ALPM] installed json-c (0.18-2)
[2026-03-16T19:46:27-0300] [ALPM] installed gnulib-l10n (20241231-1)
[2026-03-16T19:46:27-0300] [ALPM] installed icu (78.2-2)
[2026-03-16T19:46:27-0300] [ALPM] installed libxml2 (2.15.2-1)
[2026-03-16T19:46:27-0300] [ALPM] installed gettext (1.0-2)
[2026-03-16T19:46:27-0300] [ALPM] installed hwdata (0.405-1)
[2026-03-16T19:46:27-0300] [ALPM] installed kmod (34.2-1)
[2026-03-16T19:46:27-0300] [ALPM] installed pciutils (3.14.0-1)
[2026-03-16T19:46:27-0300] [ALPM] installed psmisc (23.7-1)
[2026-03-16T19:46:28-0300] [ALPM] installed shadow (4.18.0-1)
[2026-03-16T19:46:28-0300] [ALPM] installed util-linux (2.41.3-2)
[2026-03-16T19:46:28-0300] [ALPM] installed gzip (1.14-2)
[2026-03-16T19:46:28-0300] [ALPM] installed licenses (20240728-1)
[2026-03-16T19:46:28-0300] [ALPM] installed libksba (1.6.8-1)
[2026-03-16T19:46:28-0300] [ALPM] installed libusb (1.0.29-1)
[2026-03-16T19:46:28-0300] [ALPM] installed libassuan (3.0.0-1)
[2026-03-16T19:46:28-0300] [ALPM] installed libsysprof-capture (49.0-2)
[2026-03-16T19:46:28-0300] [ALPM] installed glib2 (2.86.4-1)
[2026-03-16T19:46:28-0300] [ALPM] installed tpm2-tss (4.1.3-1)
[2026-03-16T19:46:28-0300] [ALPM] installed libsecret (0.21.7-1)
[2026-03-16T19:46:28-0300] [ALPM] installed pinentry (1.3.2-2)
[2026-03-16T19:46:28-0300] [ALPM] installed npth (1.8-1)
[2026-03-16T19:46:28-0300] [ALPM] installed gnupg (2.4.9-1)
[2026-03-16T19:46:28-0300] [ALPM] installed gpgme (2.0.1-3)
[2026-03-16T19:46:28-0300] [ALPM] installed libarchive (3.8.6-1)
[2026-03-16T19:46:28-0300] [ALPM] installed pacman-mirrorlist (20260213-1)
[2026-03-16T19:46:28-0300] [ALPM] installed device-mapper (2.03.38-1)
[2026-03-16T19:46:28-0300] [ALPM] installed popt (1.19-2)
[2026-03-16T19:46:28-0300] [ALPM] installed cryptsetup (2.8.4-1)
[2026-03-16T19:46:28-0300] [ALPM] installed expat (2.7.4-1)
[2026-03-16T19:46:28-0300] [ALPM] installed dbus (1.16.2-1)
[2026-03-16T19:46:28-0300] [ALPM] installed dbus-broker (37-3)
[2026-03-16T19:46:28-0300] [ALPM] installed dbus-broker-units (37-3)
[2026-03-16T19:46:28-0300] [ALPM] installed dbus-units (37-3)
[2026-03-16T19:46:28-0300] [ALPM] installed kbd (2.9.0-1)
[2026-03-16T19:46:28-0300] [ALPM] installed libelf (0.194-2)
[2026-03-16T19:46:29-0300] [ALPM] installed systemd (259.5-1)
[2026-03-16T19:46:29-0300] [ALPM-SCRIPTLET] Initializing machine ID from random generator.
[2026-03-16T19:46:29-0300] [ALPM-SCRIPTLET] Creating group 'sys' with GID 3.
[2026-03-16T19:46:29-0300] [ALPM-SCRIPTLET] Creating group 'mem' with GID 8.
[2026-03-16T19:46:29-0300] [ALPM-SCRIPTLET] Creating group 'ftp' with GID 11.
[2026-03-16T19:46:29-0300] [ALPM-SCRIPTLET] Creating group 'mail' with GID 12.
[2026-03-16T19:46:29-0300] [ALPM-SCRIPTLET] Creating group 'log' with GID 19.
[2026-03-16T19:46:29-0300] [ALPM-SCRIPTLET] Creating group 'smmsp' with GID 25.
[2026-03-16T19:46:29-0300] [ALPM-SCRIPTLET] Creating group 'proc' with GID 26.
[2026-03-16T19:46:29-0300] [ALPM-SCRIPTLET] Creating group 'games' with GID 50.
[2026-03-16T19:46:29-0300] [ALPM-SCRIPTLET] Creating group 'lock' with GID 54.
[2026-03-16T19:46:29-0300] [ALPM-SCRIPTLET] Creating group 'network' with GID 90.
[2026-03-16T19:46:29-0300] [ALPM-SCRIPTLET] Creating group 'floppy' with GID 94.
[2026-03-16T19:46:29-0300] [ALPM-SCRIPTLET] Creating group 'scanner' with GID 96.
[2026-03-16T19:46:29-0300] [ALPM-SCRIPTLET] Creating group 'power' with GID 98.
[2026-03-16T19:46:29-0300] [ALPM-SCRIPTLET] Creating group 'nobody' with GID 65534.
[2026-03-16T19:46:29-0300] [ALPM-SCRIPTLET] Creating group 'adm' with GID 999.
[2026-03-16T19:46:29-0300] [ALPM-SCRIPTLET] Creating group 'wheel' with GID 998.
[2026-03-16T19:46:29-0300] [ALPM-SCRIPTLET] Creating group 'empower' with GID 997.
[2026-03-16T19:46:29-0300] [ALPM-SCRIPTLET] Creating group 'utmp' with GID 996.
[2026-03-16T19:46:29-0300] [ALPM-SCRIPTLET] Creating group 'audio' with GID 995.
[2026-03-16T19:46:29-0300] [ALPM-SCRIPTLET] Creating group 'clock' with GID 994.
[2026-03-16T19:46:29-0300] [ALPM-SCRIPTLET] Creating group 'disk' with GID 993.
[2026-03-16T19:46:29-0300] [ALPM-SCRIPTLET] Creating group 'input' with GID 992.
[2026-03-16T19:46:29-0300] [ALPM-SCRIPTLET] Creating group 'kmem' with GID 991.
[2026-03-16T19:46:29-0300] [ALPM-SCRIPTLET] Creating group 'kvm' with GID 990.
[2026-03-16T19:46:29-0300] [ALPM-SCRIPTLET] Creating group 'lp' with GID 989.
[2026-03-16T19:46:29-0300] [ALPM-SCRIPTLET] Creating group 'optical' with GID 988.
[2026-03-16T19:46:29-0300] [ALPM-SCRIPTLET] Creating group 'render' with GID 987.
[2026-03-16T19:46:29-0300] [ALPM-SCRIPTLET] Creating group 'sgx' with GID 986.
[2026-03-16T19:46:29-0300] [ALPM-SCRIPTLET] Creating group 'storage' with GID 985.
[2026-03-16T19:46:29-0300] [ALPM-SCRIPTLET] Creating group 'tty' with GID 5.
[2026-03-16T19:46:29-0300] [ALPM-SCRIPTLET] Creating group 'uucp' with GID 984.
[2026-03-16T19:46:29-0300] [ALPM-SCRIPTLET] Creating group 'video' with GID 983.
[2026-03-16T19:46:29-0300] [ALPM-SCRIPTLET] Creating group 'users' with GID 982.
[2026-03-16T19:46:29-0300] [ALPM-SCRIPTLET] Creating group 'groups' with GID 981.
[2026-03-16T19:46:29-0300] [ALPM-SCRIPTLET] Creating group 'systemd-journal' with GID 980.
[2026-03-16T19:46:29-0300] [ALPM-SCRIPTLET] Creating group 'rfkill' with GID 979.
[2026-03-16T19:46:29-0300] [ALPM-SCRIPTLET] Creating group 'bin' with GID 1.
[2026-03-16T19:46:29-0300] [ALPM-SCRIPTLET] Creating user 'bin' (n/a) with UID 1 and GID 1.
[2026-03-16T19:46:29-0300] [ALPM-SCRIPTLET] Creating group 'daemon' with GID 2.
[2026-03-16T19:46:29-0300] [ALPM-SCRIPTLET] Creating user 'daemon' (n/a) with UID 2 and GID 2.
[2026-03-16T19:46:29-0300] [ALPM-SCRIPTLET] Creating user 'mail' (n/a) with UID 8 and GID 12.
[2026-03-16T19:46:29-0300] [ALPM-SCRIPTLET] Creating user 'ftp' (n/a) with UID 14 and GID 11.
[2026-03-16T19:46:29-0300] [ALPM-SCRIPTLET] Creating group 'http' with GID 33.
[2026-03-16T19:46:29-0300] [ALPM-SCRIPTLET] Creating user 'http' (n/a) with UID 33 and GID 33.
[2026-03-16T19:46:29-0300] [ALPM-SCRIPTLET] Creating user 'nobody' (Kernel Overflow User) with UID 65534 and GID 65534.
[2026-03-16T19:46:29-0300] [ALPM-SCRIPTLET] Creating group 'dbus' with GID 81.
[2026-03-16T19:46:29-0300] [ALPM-SCRIPTLET] Creating user 'dbus' (System Message Bus) with UID 81 and GID 81.
[2026-03-16T19:46:29-0300] [ALPM-SCRIPTLET] Creating group 'systemd-coredump' with GID 978.
[2026-03-16T19:46:29-0300] [ALPM-SCRIPTLET] Creating user 'systemd-coredump' (systemd Core Dumper) with UID 978 and GID 978.
[2026-03-16T19:46:29-0300] [ALPM-SCRIPTLET] Creating group 'systemd-network' with GID 977.
[2026-03-16T19:46:29-0300] [ALPM-SCRIPTLET] Creating user 'systemd-network' (systemd Network Management) with UID 977 and GID 977.
[2026-03-16T19:46:29-0300] [ALPM-SCRIPTLET] Creating group 'systemd-oom' with GID 976.
[2026-03-16T19:46:29-0300] [ALPM-SCRIPTLET] Creating user 'systemd-oom' (systemd Userspace OOM Killer) with UID 976 and GID 976.
[2026-03-16T19:46:29-0300] [ALPM-SCRIPTLET] Creating group 'systemd-journal-remote' with GID 975.
[2026-03-16T19:46:29-0300] [ALPM-SCRIPTLET] Creating user 'systemd-journal-remote' (systemd Journal Remote) with UID 975 and GID 975.
[2026-03-16T19:46:29-0300] [ALPM-SCRIPTLET] Creating group 'systemd-resolve' with GID 974.
[2026-03-16T19:46:29-0300] [ALPM-SCRIPTLET] Creating user 'systemd-resolve' (systemd Resolver) with UID 974 and GID 974.
[2026-03-16T19:46:29-0300] [ALPM-SCRIPTLET] Creating group 'systemd-timesync' with GID 973.
[2026-03-16T19:46:29-0300] [ALPM-SCRIPTLET] Creating user 'systemd-timesync' (systemd Time Synchronization) with UID 973 and GID 973.
[2026-03-16T19:46:29-0300] [ALPM-SCRIPTLET] Creating group 'tss' with GID 972.
[2026-03-16T19:46:29-0300] [ALPM-SCRIPTLET] Creating user 'tss' (tss user for tpm2) with UID 972 and GID 972.
[2026-03-16T19:46:29-0300] [ALPM-SCRIPTLET] Creating group 'uuidd' with GID 971.
[2026-03-16T19:46:29-0300] [ALPM-SCRIPTLET] Creating user 'uuidd' (UUID generator helper daemon) with UID 971 and GID 971.
[2026-03-16T19:46:29-0300] [ALPM-SCRIPTLET] Created symlink '/etc/systemd/system/getty.target.wants/getty@tty1.service' → '/usr/lib/systemd/system/getty@.service'.
[2026-03-16T19:46:29-0300] [ALPM-SCRIPTLET] Created symlink '/etc/systemd/system/multi-user.target.wants/remote-fs.target' → '/usr/lib/systemd/system/remote-fs.target'.
[2026-03-16T19:46:29-0300] [ALPM-SCRIPTLET] Created symlink '/etc/systemd/system/sockets.target.wants/systemd-userdbd.socket' → '/usr/lib/systemd/system/systemd-userdbd.socket'.
[2026-03-16T19:46:29-0300] [ALPM] installed jansson (2.15.0-1)
[2026-03-16T19:46:29-0300] [ALPM] installed binutils (2.46-1)
[2026-03-16T19:46:29-0300] [ALPM] installed libmakepkg-dropins (20-1)
[2026-03-16T19:46:29-0300] [ALPM] installed pacman (7.1.0.r9.g54d9411-1)
[2026-03-16T19:46:29-0300] [ALPM] installed archlinux-keyring (20260301-1)
[2026-03-16T19:46:30-0300] [ALPM-SCRIPTLET] ==> Appending keys from archlinux.gpg...
[2026-03-16T19:46:34-0300] [ALPM-SCRIPTLET] ==> Updating trust database...
[2026-03-16T19:46:34-0300] [ALPM-SCRIPTLET] gpg: next trustdb check due at 2026-10-21
[2026-03-16T19:46:34-0300] [ALPM] installed systemd-sysvcompat (259.5-1)
[2026-03-16T19:46:34-0300] [ALPM] installed iputils (20250605-1)
[2026-03-16T19:46:34-0300] [ALPM] installed libmnl (1.0.5-2)
[2026-03-16T19:46:34-0300] [ALPM] installed libnftnl (1.3.1-1)
[2026-03-16T19:46:34-0300] [ALPM] installed libnl (3.12.0-1)
[2026-03-16T19:46:34-0300] [ALPM] installed libpcap (1.10.6-1)
[2026-03-16T19:46:34-0300] [ALPM] installed libnfnetlink (1.0.2-2)
[2026-03-16T19:46:34-0300] [ALPM] installed libnetfilter_conntrack (1.0.9-2)
[2026-03-16T19:46:34-0300] [ALPM] installed iptables (1:1.8.11-2)
[2026-03-16T19:46:34-0300] [ALPM] installed libbpf (1.6.2-1)
[2026-03-16T19:46:34-0300] [ALPM] installed iproute2 (6.19.0-2)
[2026-03-16T19:46:34-0300] [ALPM] installed base (3-3)
[2026-03-16T19:46:34-0300] [ALPM] installed m4 (1.4.21-1)
[2026-03-16T19:46:34-0300] [ALPM] installed diffutils (3.12-2)
[2026-03-16T19:46:34-0300] [ALPM] installed db5.3 (5.3.28-7)
[2026-03-16T19:46:35-0300] [ALPM] installed perl (5.42.0-1)
[2026-03-16T19:46:35-0300] [ALPM] installed autoconf (2.72-1)
[2026-03-16T19:46:35-0300] [ALPM] installed automake (1.18.1-1)
[2026-03-16T19:46:35-0300] [ALPM] installed bison (3.8.2-8)
[2026-03-16T19:46:35-0300] [ALPM] installed xxhash (0.8.3-1)
[2026-03-16T19:46:35-0300] [ALPM] installed debugedit (5.2-1)
[2026-03-16T19:46:35-0300] [ALPM] installed fakeroot (1.37.2-1)
[2026-03-16T19:46:35-0300] [ALPM] installed flex (2.6.4-5)
[2026-03-16T19:46:35-0300] [ALPM] installed libmpc (1.3.1-2)
[2026-03-16T19:46:35-0300] [ALPM] installed libisl (0.27-1)
[2026-03-16T19:46:36-0300] [ALPM] installed gcc (15.2.1+r604+g0b99615a8aef-1)
[2026-03-16T19:46:36-0300] [ALPM] installed groff (1.24.1-1)
[2026-03-16T19:46:36-0300] [ALPM] installed libtool (2.6.0-4)
[2026-03-16T19:46:36-0300] [ALPM] installed gc (8.2.12-1)
[2026-03-16T19:46:37-0300] [ALPM] installed guile (3.0.11-1)
[2026-03-16T19:46:37-0300] [ALPM] installed make (4.4.1-2)
[2026-03-16T19:46:37-0300] [ALPM] installed patch (2.8-1)
[2026-03-16T19:46:37-0300] [ALPM] installed pkgconf (2.5.1-1)
[2026-03-16T19:46:37-0300] [ALPM] installed sudo (1.9.17.p2-2)
[2026-03-16T19:46:37-0300] [ALPM] installed texinfo (7.2-1)
[2026-03-16T19:46:37-0300] [ALPM] installed which (2.23-1)
[2026-03-16T19:46:37-0300] [ALPM] installed base-devel (1-2)
[2026-03-16T19:46:37-0300] [ALPM] transaction completed
[2026-03-16T19:46:37-0300] [ALPM] running '20-systemd-sysusers.hook'...
[2026-03-16T19:46:38-0300] [ALPM-SCRIPTLET] Creating group 'alpm' with GID 970.
[2026-03-16T19:46:38-0300] [ALPM-SCRIPTLET] Creating user 'alpm' (Arch Linux Package Management) with UID 970 and GID 970.
[2026-03-16T19:46:38-0300] [ALPM] running '21-systemd-tmpfiles.hook'...
[2026-03-16T19:46:38-0300] [ALPM] running '25-systemd-catalog.hook'...
[2026-03-16T19:46:38-0300] [ALPM] running '25-systemd-hwdb.hook'...
[2026-03-16T19:46:39-0300] [ALPM] running '25-systemd-sysctl.hook'...
[2026-03-16T19:46:39-0300] [ALPM-SCRIPTLET]   Skipped: Running in chroot.
[2026-03-16T19:46:39-0300] [ALPM] running '30-systemd-daemon-reload-system.hook'...
[2026-03-16T19:46:39-0300] [ALPM-SCRIPTLET]   Skipped: Running in chroot.
[2026-03-16T19:46:39-0300] [ALPM] running '30-systemd-daemon-reload-user.hook'...
[2026-03-16T19:46:39-0300] [ALPM-SCRIPTLET]   Skipped: Running in chroot.
[2026-03-16T19:46:39-0300] [ALPM] running '35-systemd-udev-reload.hook'...
[2026-03-16T19:46:39-0300] [ALPM-SCRIPTLET]   Skipped: Running in chroot.
[2026-03-16T19:46:39-0300] [ALPM] running '35-systemd-update.hook'...
[2026-03-16T19:46:40-0300] [ALPM] running '40-update-ca-trust.hook'...
[2026-03-16T19:46:41-0300] [ALPM] running '90-dracut-install.hook'...
[2026-03-16T19:46:41-0300] [ALPM-SCRIPTLET] call to execv failed (No such file or directory)
[2026-03-16T19:46:41-0300] [ALPM] running 'dbus-reload.hook'...
[2026-03-16T19:46:41-0300] [ALPM-SCRIPTLET]   Skipped: Running in chroot.
[2026-03-16T19:46:41-0300] [ALPM] running 'detect-old-perl-modules.hook'...
[2026-03-16T19:46:41-0300] [ALPM-SCRIPTLET] perl: warning: Setting locale failed.
[2026-03-16T19:46:41-0300] [ALPM-SCRIPTLET] perl: warning: Please check that your locale settings:
[2026-03-16T19:46:41-0300] [ALPM-SCRIPTLET] 	LANGUAGE = "",
[2026-03-16T19:46:41-0300] [ALPM-SCRIPTLET] 	LC_ALL = (unset),
[2026-03-16T19:46:41-0300] [ALPM-SCRIPTLET] 	LC_CTYPE = (unset),
[2026-03-16T19:46:41-0300] [ALPM-SCRIPTLET] 	LC_NUMERIC = (unset),
[2026-03-16T19:46:41-0300] [ALPM-SCRIPTLET] 	LC_COLLATE = (unset),
[2026-03-16T19:46:41-0300] [ALPM-SCRIPTLET] 	LC_TIME = (unset),
[2026-03-16T19:46:41-0300] [ALPM-SCRIPTLET] 	LC_MESSAGES = (unset),
[2026-03-16T19:46:41-0300] [ALPM-SCRIPTLET] 	LC_MONETARY = (unset),
[2026-03-16T19:46:41-0300] [ALPM-SCRIPTLET] 	LC_ADDRESS = (unset),
[2026-03-16T19:46:41-0300] [ALPM-SCRIPTLET] 	LC_IDENTIFICATION = (unset),
[2026-03-16T19:46:41-0300] [ALPM-SCRIPTLET] 	LC_MEASUREMENT = (unset),
[2026-03-16T19:46:41-0300] [ALPM-SCRIPTLET] 	LC_PAPER = (unset),
[2026-03-16T19:46:41-0300] [ALPM-SCRIPTLET] 	LC_TELEPHONE = (unset),
[2026-03-16T19:46:41-0300] [ALPM-SCRIPTLET] 	LC_NAME = (unset),
[2026-03-16T19:46:41-0300] [ALPM-SCRIPTLET] 	LANG = "en_US.UTF-8"
[2026-03-16T19:46:41-0300] [ALPM-SCRIPTLET]     are supported and installed on your system.
[2026-03-16T19:46:41-0300] [ALPM-SCRIPTLET] perl: warning: Falling back to the standard locale ("C").
[2026-03-16T19:46:41-0300] [ALPM] running 'texinfo-install.hook'...
